#0 building with "default" instance using docker driver

#1 [internal] load build definition from Dockerfile
#1 transferring dockerfile: 10.40kB done
#1 DONE 0.0s

#2 [internal] load metadata for docker.io/library/ubuntu:24.04
#2 DONE 0.0s

#3 [internal] load .dockerignore
#3 transferring context: 2B done
#3 DONE 0.0s

#4 [ 1/15] FROM docker.io/library/ubuntu:24.04
#4 DONE 0.0s

#5 [ 2/15] RUN apt-get update -y &&   apt-get install -y --no-install-recommends locales tzdata &&   echo en_US.UTF-8 >> /etc/locale.gen &&   locale-gen en_US.UTF-8 &&   update-locale LANG=en_US.UTF-8
#5 CACHED

#6 [ 3/15] RUN id ubuntu &>/dev/null && userdel -r ubuntu &&   groupadd -g 1000 pitopl &&   (groupadd -g 1000 pitopl || groupmod -g 1000 pitopl) &&   (groupadd -g 4 adm || groupmod -g 4 adm) &&   (groupadd -g 24 cdrom || groupmod -g 24 cdrom) &&   (groupadd -g 27 sudo || groupmod -g 27 sudo) &&   (groupadd -g 30 dip || groupmod -g 30 dip) &&   (groupadd -g 46 plugdev || groupmod -g 46 plugdev) &&   (groupadd -g 100 users || groupmod -g 100 users) &&   (groupadd -g 114 lpadmin || groupmod -g 114 lpadmin) &&   (groupadd -g 984 docker || groupmod -g 984 docker) &&   useradd -u 1000 -g 1000 -G adm,cdrom,dip,docker,lpadmin,pitopl,plugdev,sudo,users -d /home/pitopl -s /bin/bash pitopl &&   mkdir -p /home/pitopl &&   chown pitopl:pitopl /home/pitopl &&   apt-get update -y &&   apt-get install -y sudo &&   echo 'pitopl ALL=(ALL) NOPASSWD:ALL' > /etc/sudoers.d/pitopl &&   chmod 0440 /etc/sudoers.d/pitopl
#6 CACHED

#7 [internal] load build context
#7 transferring context: 48.69kB done
#7 DONE 0.0s

#8 [ 4/15] RUN apt-get update -y &&   apt-get install -y --no-install-recommends base-files=13ubuntu10.2       libblas3:amd64=3.12.0-3build1.1       libbrotli1:amd64=1.1.0-2build2       libbsd0:amd64=0.12.1-1build1.1       libcairo2:amd64=1.18.0-3build1       libdatrie1:amd64=0.2.13-3build1       libdeflate0:amd64=1.19-1build1.1       libexpat1:amd64=2.6.1-2ubuntu0.3       libfontconfig1:amd64=2.15.0-1.1ubuntu2       libfreetype6:amd64=2.13.2+dfsg-1build3       libfribidi0:amd64=1.0.13-3build1       libgfortran5:amd64=14.2.0-4ubuntu2~24.04       libglib2.0-0t64:amd64=2.80.0-6ubuntu3.4       libgomp1:amd64=14.2.0-4ubuntu2~24.04       libgraphite2-3:amd64=1.3.14-2build1       libgssapi-krb5-2:amd64=1.20.1-6ubuntu2.6       libharfbuzz0b:amd64=8.3.0-2build2       libice6:amd64=2:1.0.10-1build3       libicu74:amd64=74.2-1ubuntu3.1       libjbig0:amd64=2.1-6.1ubuntu2       libjpeg-turbo8:amd64=2.1.5-2ubuntu2       libk5crypto3:amd64=1.20.1-6ubuntu2.6       libkeyutils1:amd64=1.6.3-3build1       libkrb5-3:amd64=1.20.1-6ubuntu2.6       libkrb5support0:amd64=1.20.1-6ubuntu2.6       liblapack3:amd64=3.12.0-3build1.1       liblerc4:amd64=4.0.0+ds-4ubuntu2       liblua5.4-0:amd64=5.4.6-3build2       libpango-1.0-0:amd64=1.52.1+ds-1build1       libpangocairo-1.0-0:amd64=1.52.1+ds-1build1       libpangoft2-1.0-0:amd64=1.52.1+ds-1build1       libpixman-1-0:amd64=0.42.2-1build1       libpng16-16t64:amd64=1.6.43-5build1       libreadline8t64:amd64=8.2-4build1       libsharpyuv0:amd64=1.3.2-0.4build3       libsm6:amd64=2:1.2.3-1build3       libthai0:amd64=0.1.29-2build1       libtiff6:amd64=4.5.1+git230720-4ubuntu2.4       libtirpc3t64:amd64=1.3.4+ds-1.1build1       libwebp7:amd64=1.3.2-0.4build3       libx11-6:amd64=2:1.8.7-1build1       libxau6:amd64=1:1.0.9-1build6       libxcb-render0:amd64=1.15-1ubuntu2       libxcb-shm0:amd64=1.15-1ubuntu2       libxcb1:amd64=1.15-1ubuntu2       libxdmcp6:amd64=1:1.1.3-0ubuntu6       libxext6:amd64=2:1.3.4-1build2       libxrender1:amd64=1:0.9.10-1.1build1       libxt6t64:amd64=1:1.2.1-1.2build1       libyaml-0-2:amd64=0.2.5-1build1       locales=2.39-0ubuntu8.6       make=4.3-4.1build2       pandoc-data=3.1.3-1       pandoc=3.1.3+ds-2       r-base-core=4.3.3-2build2       r-base-dev=4.3.3-2build2       r-cran-kernsmooth=2.23-22-1build1       systemd-oomd=255.4-1ubuntu8.8
#8 0.294 Hit:1 http://security.ubuntu.com/ubuntu noble-security InRelease
#8 0.294 Hit:2 http://archive.ubuntu.com/ubuntu noble InRelease
#8 0.319 Hit:3 http://archive.ubuntu.com/ubuntu noble-updates InRelease
#8 0.351 Hit:4 http://archive.ubuntu.com/ubuntu noble-backports InRelease
#8 0.551 Reading package lists...
#8 1.593 Reading package lists...
#8 2.647 Building dependency tree...
#8 2.861 Reading state information...
#8 2.879 Package base-files is not available, but is referred to by another package.
#8 2.879 This may mean that the package is missing, has been obsoleted, or
#8 2.879 is only available from another source
#8 2.879 However the following packages replace it:
#8 2.879   motd-news-config
#8 2.879 
#8 2.884 E: Version '13ubuntu10.2' for 'base-files' was not found
#8 ERROR: process "/bin/sh -c apt-get update -y &&   apt-get install -y --no-install-recommends base-files=13ubuntu10.2       libblas3:amd64=3.12.0-3build1.1       libbrotli1:amd64=1.1.0-2build2       libbsd0:amd64=0.12.1-1build1.1       libcairo2:amd64=1.18.0-3build1       libdatrie1:amd64=0.2.13-3build1       libdeflate0:amd64=1.19-1build1.1       libexpat1:amd64=2.6.1-2ubuntu0.3       libfontconfig1:amd64=2.15.0-1.1ubuntu2       libfreetype6:amd64=2.13.2+dfsg-1build3       libfribidi0:amd64=1.0.13-3build1       libgfortran5:amd64=14.2.0-4ubuntu2~24.04       libglib2.0-0t64:amd64=2.80.0-6ubuntu3.4       libgomp1:amd64=14.2.0-4ubuntu2~24.04       libgraphite2-3:amd64=1.3.14-2build1       libgssapi-krb5-2:amd64=1.20.1-6ubuntu2.6       libharfbuzz0b:amd64=8.3.0-2build2       libice6:amd64=2:1.0.10-1build3       libicu74:amd64=74.2-1ubuntu3.1       libjbig0:amd64=2.1-6.1ubuntu2       libjpeg-turbo8:amd64=2.1.5-2ubuntu2       libk5crypto3:amd64=1.20.1-6ubuntu2.6       libkeyutils1:amd64=1.6.3-3build1       libkrb5-3:amd64=1.20.1-6ubuntu2.6       libkrb5support0:amd64=1.20.1-6ubuntu2.6       liblapack3:amd64=3.12.0-3build1.1       liblerc4:amd64=4.0.0+ds-4ubuntu2       liblua5.4-0:amd64=5.4.6-3build2       libpango-1.0-0:amd64=1.52.1+ds-1build1       libpangocairo-1.0-0:amd64=1.52.1+ds-1build1       libpangoft2-1.0-0:amd64=1.52.1+ds-1build1       libpixman-1-0:amd64=0.42.2-1build1       libpng16-16t64:amd64=1.6.43-5build1       libreadline8t64:amd64=8.2-4build1       libsharpyuv0:amd64=1.3.2-0.4build3       libsm6:amd64=2:1.2.3-1build3       libthai0:amd64=0.1.29-2build1       libtiff6:amd64=4.5.1+git230720-4ubuntu2.4       libtirpc3t64:amd64=1.3.4+ds-1.1build1       libwebp7:amd64=1.3.2-0.4build3       libx11-6:amd64=2:1.8.7-1build1       libxau6:amd64=1:1.0.9-1build6       libxcb-render0:amd64=1.15-1ubuntu2       libxcb-shm0:amd64=1.15-1ubuntu2       libxcb1:amd64=1.15-1ubuntu2       libxdmcp6:amd64=1:1.1.3-0ubuntu6       libxext6:amd64=2:1.3.4-1build2       libxrender1:amd64=1:0.9.10-1.1build1       libxt6t64:amd64=1:1.2.1-1.2build1       libyaml-0-2:amd64=0.2.5-1build1       locales=2.39-0ubuntu8.6       make=4.3-4.1build2       pandoc-data=3.1.3-1       pandoc=3.1.3+ds-2       r-base-core=4.3.3-2build2       r-base-dev=4.3.3-2build2       r-cran-kernsmooth=2.23-22-1build1       systemd-oomd=255.4-1ubuntu8.8" did not complete successfully: exit code: 100
------
 > [ 4/15] RUN apt-get update -y &&   apt-get install -y --no-install-recommends base-files=13ubuntu10.2       libblas3:amd64=3.12.0-3build1.1       libbrotli1:amd64=1.1.0-2build2       libbsd0:amd64=0.12.1-1build1.1       libcairo2:amd64=1.18.0-3build1       libdatrie1:amd64=0.2.13-3build1       libdeflate0:amd64=1.19-1build1.1       libexpat1:amd64=2.6.1-2ubuntu0.3       libfontconfig1:amd64=2.15.0-1.1ubuntu2       libfreetype6:amd64=2.13.2+dfsg-1build3       libfribidi0:amd64=1.0.13-3build1       libgfortran5:amd64=14.2.0-4ubuntu2~24.04       libglib2.0-0t64:amd64=2.80.0-6ubuntu3.4       libgomp1:amd64=14.2.0-4ubuntu2~24.04       libgraphite2-3:amd64=1.3.14-2build1       libgssapi-krb5-2:amd64=1.20.1-6ubuntu2.6       libharfbuzz0b:amd64=8.3.0-2build2       libice6:amd64=2:1.0.10-1build3       libicu74:amd64=74.2-1ubuntu3.1       libjbig0:amd64=2.1-6.1ubuntu2       libjpeg-turbo8:amd64=2.1.5-2ubuntu2       libk5crypto3:amd64=1.20.1-6ubuntu2.6       libkeyutils1:amd64=1.6.3-3build1       libkrb5-3:amd64=1.20.1-6ubuntu2.6       libkrb5support0:amd64=1.20.1-6ubuntu2.6       liblapack3:amd64=3.12.0-3build1.1       liblerc4:amd64=4.0.0+ds-4ubuntu2       liblua5.4-0:amd64=5.4.6-3build2       libpango-1.0-0:amd64=1.52.1+ds-1build1       libpangocairo-1.0-0:amd64=1.52.1+ds-1build1       libpangoft2-1.0-0:amd64=1.52.1+ds-1build1       libpixman-1-0:amd64=0.42.2-1build1       libpng16-16t64:amd64=1.6.43-5build1       libreadline8t64:amd64=8.2-4build1       libsharpyuv0:amd64=1.3.2-0.4build3       libsm6:amd64=2:1.2.3-1build3       libthai0:amd64=0.1.29-2build1       libtiff6:amd64=4.5.1+git230720-4ubuntu2.4       libtirpc3t64:amd64=1.3.4+ds-1.1build1       libwebp7:amd64=1.3.2-0.4build3       libx11-6:amd64=2:1.8.7-1build1       libxau6:amd64=1:1.0.9-1build6       libxcb-render0:amd64=1.15-1ubuntu2       libxcb-shm0:amd64=1.15-1ubuntu2       libxcb1:amd64=1.15-1ubuntu2       libxdmcp6:amd64=1:1.1.3-0ubuntu6       libxext6:amd64=2:1.3.4-1build2       libxrender1:amd64=1:0.9.10-1.1build1       libxt6t64:amd64=1:1.2.1-1.2build1       libyaml-0-2:amd64=0.2.5-1build1       locales=2.39-0ubuntu8.6       make=4.3-4.1build2       pandoc-data=3.1.3-1       pandoc=3.1.3+ds-2       r-base-core=4.3.3-2build2       r-base-dev=4.3.3-2build2       r-cran-kernsmooth=2.23-22-1build1       systemd-oomd=255.4-1ubuntu8.8:


2.861 Reading state information...
2.879 Package base-files is not available, but is referred to by another package.
2.879 This may mean that the package is missing, has been obsoleted, or
2.879 is only available from another source
2.879 However the following packages replace it:
2.879   motd-news-config
2.879 
2.884 E: Version '13ubuntu10.2' for 'base-files' was not found
------
Dockerfile:33
--------------------
  32 |     
  33 | >>> RUN apt-get update -y && \
  34 | >>>   apt-get install -y --no-install-recommends base-files=13ubuntu10.2 \
  35 | >>>       libblas3:amd64=3.12.0-3build1.1 \
  36 | >>>       libbrotli1:amd64=1.1.0-2build2 \
  37 | >>>       libbsd0:amd64=0.12.1-1build1.1 \
  38 | >>>       libcairo2:amd64=1.18.0-3build1 \
  39 | >>>       libdatrie1:amd64=0.2.13-3build1 \
  40 | >>>       libdeflate0:amd64=1.19-1build1.1 \
  41 | >>>       libexpat1:amd64=2.6.1-2ubuntu0.3 \
  42 | >>>       libfontconfig1:amd64=2.15.0-1.1ubuntu2 \
  43 | >>>       libfreetype6:amd64=2.13.2+dfsg-1build3 \
  44 | >>>       libfribidi0:amd64=1.0.13-3build1 \
  45 | >>>       libgfortran5:amd64=14.2.0-4ubuntu2~24.04 \
  46 | >>>       libglib2.0-0t64:amd64=2.80.0-6ubuntu3.4 \
  47 | >>>       libgomp1:amd64=14.2.0-4ubuntu2~24.04 \
  48 | >>>       libgraphite2-3:amd64=1.3.14-2build1 \
  49 | >>>       libgssapi-krb5-2:amd64=1.20.1-6ubuntu2.6 \
  50 | >>>       libharfbuzz0b:amd64=8.3.0-2build2 \
  51 | >>>       libice6:amd64=2:1.0.10-1build3 \
  52 | >>>       libicu74:amd64=74.2-1ubuntu3.1 \
  53 | >>>       libjbig0:amd64=2.1-6.1ubuntu2 \
  54 | >>>       libjpeg-turbo8:amd64=2.1.5-2ubuntu2 \
  55 | >>>       libk5crypto3:amd64=1.20.1-6ubuntu2.6 \
  56 | >>>       libkeyutils1:amd64=1.6.3-3build1 \
  57 | >>>       libkrb5-3:amd64=1.20.1-6ubuntu2.6 \
  58 | >>>       libkrb5support0:amd64=1.20.1-6ubuntu2.6 \
  59 | >>>       liblapack3:amd64=3.12.0-3build1.1 \
  60 | >>>       liblerc4:amd64=4.0.0+ds-4ubuntu2 \
  61 | >>>       liblua5.4-0:amd64=5.4.6-3build2 \
  62 | >>>       libpango-1.0-0:amd64=1.52.1+ds-1build1 \
  63 | >>>       libpangocairo-1.0-0:amd64=1.52.1+ds-1build1 \
  64 | >>>       libpangoft2-1.0-0:amd64=1.52.1+ds-1build1 \
  65 | >>>       libpixman-1-0:amd64=0.42.2-1build1 \
  66 | >>>       libpng16-16t64:amd64=1.6.43-5build1 \
  67 | >>>       libreadline8t64:amd64=8.2-4build1 \
  68 | >>>       libsharpyuv0:amd64=1.3.2-0.4build3 \
  69 | >>>       libsm6:amd64=2:1.2.3-1build3 \
  70 | >>>       libthai0:amd64=0.1.29-2build1 \
  71 | >>>       libtiff6:amd64=4.5.1+git230720-4ubuntu2.4 \
  72 | >>>       libtirpc3t64:amd64=1.3.4+ds-1.1build1 \
  73 | >>>       libwebp7:amd64=1.3.2-0.4build3 \
  74 | >>>       libx11-6:amd64=2:1.8.7-1build1 \
  75 | >>>       libxau6:amd64=1:1.0.9-1build6 \
  76 | >>>       libxcb-render0:amd64=1.15-1ubuntu2 \
  77 | >>>       libxcb-shm0:amd64=1.15-1ubuntu2 \
  78 | >>>       libxcb1:amd64=1.15-1ubuntu2 \
  79 | >>>       libxdmcp6:amd64=1:1.1.3-0ubuntu6 \
  80 | >>>       libxext6:amd64=2:1.3.4-1build2 \
  81 | >>>       libxrender1:amd64=1:0.9.10-1.1build1 \
  82 | >>>       libxt6t64:amd64=1:1.2.1-1.2build1 \
  83 | >>>       libyaml-0-2:amd64=0.2.5-1build1 \
  84 | >>>       locales=2.39-0ubuntu8.6 \
  85 | >>>       make=4.3-4.1build2 \
  86 | >>>       pandoc-data=3.1.3-1 \
  87 | >>>       pandoc=3.1.3+ds-2 \
  88 | >>>       r-base-core=4.3.3-2build2 \
  89 | >>>       r-base-dev=4.3.3-2build2 \
  90 | >>>       r-cran-kernsmooth=2.23-22-1build1 \
  91 | >>>       systemd-oomd=255.4-1ubuntu8.8
  92 |     
--------------------
ERROR: failed to build: failed to solve: process "/bin/sh -c apt-get update -y &&   apt-get install -y --no-install-recommends base-files=13ubuntu10.2       libblas3:amd64=3.12.0-3build1.1       libbrotli1:amd64=1.1.0-2build2       libbsd0:amd64=0.12.1-1build1.1       libcairo2:amd64=1.18.0-3build1       libdatrie1:amd64=0.2.13-3build1       libdeflate0:amd64=1.19-1build1.1       libexpat1:amd64=2.6.1-2ubuntu0.3       libfontconfig1:amd64=2.15.0-1.1ubuntu2       libfreetype6:amd64=2.13.2+dfsg-1build3       libfribidi0:amd64=1.0.13-3build1       libgfortran5:amd64=14.2.0-4ubuntu2~24.04       libglib2.0-0t64:amd64=2.80.0-6ubuntu3.4       libgomp1:amd64=14.2.0-4ubuntu2~24.04       libgraphite2-3:amd64=1.3.14-2build1       libgssapi-krb5-2:amd64=1.20.1-6ubuntu2.6       libharfbuzz0b:amd64=8.3.0-2build2       libice6:amd64=2:1.0.10-1build3       libicu74:amd64=74.2-1ubuntu3.1       libjbig0:amd64=2.1-6.1ubuntu2       libjpeg-turbo8:amd64=2.1.5-2ubuntu2       libk5crypto3:amd64=1.20.1-6ubuntu2.6       libkeyutils1:amd64=1.6.3-3build1       libkrb5-3:amd64=1.20.1-6ubuntu2.6       libkrb5support0:amd64=1.20.1-6ubuntu2.6       liblapack3:amd64=3.12.0-3build1.1       liblerc4:amd64=4.0.0+ds-4ubuntu2       liblua5.4-0:amd64=5.4.6-3build2       libpango-1.0-0:amd64=1.52.1+ds-1build1       libpangocairo-1.0-0:amd64=1.52.1+ds-1build1       libpangoft2-1.0-0:amd64=1.52.1+ds-1build1       libpixman-1-0:amd64=0.42.2-1build1       libpng16-16t64:amd64=1.6.43-5build1       libreadline8t64:amd64=8.2-4build1       libsharpyuv0:amd64=1.3.2-0.4build3       libsm6:amd64=2:1.2.3-1build3       libthai0:amd64=0.1.29-2build1       libtiff6:amd64=4.5.1+git230720-4ubuntu2.4       libtirpc3t64:amd64=1.3.4+ds-1.1build1       libwebp7:amd64=1.3.2-0.4build3       libx11-6:amd64=2:1.8.7-1build1       libxau6:amd64=1:1.0.9-1build6       libxcb-render0:amd64=1.15-1ubuntu2       libxcb-shm0:amd64=1.15-1ubuntu2       libxcb1:amd64=1.15-1ubuntu2       libxdmcp6:amd64=1:1.1.3-0ubuntu6       libxext6:amd64=2:1.3.4-1build2       libxrender1:amd64=1:0.9.10-1.1build1       libxt6t64:amd64=1:1.2.1-1.2build1       libyaml-0-2:amd64=0.2.5-1build1       locales=2.39-0ubuntu8.6       make=4.3-4.1build2       pandoc-data=3.1.3-1       pandoc=3.1.3+ds-2       r-base-core=4.3.3-2build2       r-base-dev=4.3.3-2build2       r-cran-kernsmooth=2.23-22-1build1       systemd-oomd=255.4-1ubuntu8.8" did not complete successfully: exit code: 100
